Success!
Loaded
Exploit triggered. Beginning breakage.
Found gadget at 0x0000000026c65398
Found gadget at 0x0000000026c65308
Found gadget at 0x0000000066b364d8
Found gadget at 0x0000000026806e88
Found gadget at 0x0000000066ad660c
Found gadget at 0x000000002680c680
Found gadget at 0x00000000269da204
Found gadget at 0x00000000268bb534
Disabling watchdog timer...
Found gadget at 0x0000000066a06c74
VM: 0x0000000de99bd000
WD: 0x0000000de991e160
Found gadget at 0x00000000268419ec
Found gadget at 0x0000000067764944
Found gadget at 0x0000000026be0c4c
Found gadget at 0x0000000026be0c6c
System Version: 1.0.0
Pwning sdb module...
Starting sdbcore...
Unknown version: 1.0.0
Failed to initialize sdb
Pegaswitch loaded!
UA: Mozilla/5.0 (Nintendo Switch; WebApplet) AppleWebKit/601.6 (KHTML, like Gecko) NF/4.0.0.4.25 NintendoBrowser/5.1.0.11682
Found gadget at 0x0000000026be0bfc
Connected to PC...
Success!
Loaded
Exploit triggered. Beginning breakage.
Disabling watchdog timer...
VM: 0x0000000d187bd000
WD: 0x0000000d1871e160
System Version: 1.0.0
Pwning sdb module...
Starting sdbcore...
Unknown version: 1.0.0
Failed to initialize sdb
Pegaswitch loaded!
UA: Mozilla/5.0 (Nintendo Switch; WebApplet) AppleWebKit/601.6 (KHTML, like Gecko) NF/4.0.0.4.25 NintendoBrowser/5.1.0.11682
Connected to PC...
Success!
Success percentage: 100.00 (1 samples)
Exploit triggered. Beginning breakage.
Disabling watchdog timer...
VM: 0x0000000d44b3d000
WD: 0x0000000d44a9e160
System Version: 1.0.0
Pwning sdb module...
Starting sdbcore...
Unknown version: 1.0.0
Failed to initialize sdb
Pegaswitch loaded!
UA: Mozilla/5.0 (Nintendo Switch; WebApplet) AppleWebKit/601.6 (KHTML, like Gecko) NF/4.0.0.4.25 NintendoBrowser/5.1.0.11682
Connected to PC...
Success!
Success percentage: 100.00 (2 samples)
Exploit triggered. Beginning breakage.
Disabling watchdog timer...
VM: 0x0000000c0333d000
WD: 0x0000000c0329e160
System Version: 1.0.0
Pwning sdb module...
Starting sdbcore...
Unknown version: 1.0.0
Failed to initialize sdb
Pegaswitch loaded!
UA: Mozilla/5.0 (Nintendo Switch; WebApplet) AppleWebKit/601.6 (KHTML, like Gecko) NF/4.0.0.4.25 NintendoBrowser/5.1.0.11682
